<?xml version="1.0" encoding="UTF-8"?>
<coverage generated="1771230681173" clover="3.2.0">
  <project timestamp="1771230681173" name="All files">
    <metrics statements="86" coveredstatements="0" conditionals="40" coveredconditionals="0" methods="29" coveredmethods="0" elements="155" coveredelements="0" complexity="0" loc="86" ncloc="86" packages="1" files="1" classes="1"/>
    <file name="foundation.ts" path="D:\Work\fe-ts\foundation.ts">
      <metrics statements="86" coveredstatements="0" conditionals="40" coveredconditionals="0" methods="29" coveredmethods="0"/>
      <line num="31" count="0" type="stmt"/>
      <line num="38" count="0" type="stmt"/>
      <line num="47" count="0" type="stmt"/>
      <line num="55" count="0" type="stmt"/>
      <line num="68" count="0" type="stmt"/>
      <line num="80" count="0" type="stmt"/>
      <line num="90" count="0" type="stmt"/>
      <line num="92" count="0" type="cond" truecount="0" falsecount="2"/>
      <line num="93" count="0" type="stmt"/>
      <line num="95" count="0" type="stmt"/>
      <line num="104" count="0" type="stmt"/>
      <line num="105" count="0" type="stmt"/>
      <line num="110" count="0" type="stmt"/>
      <line num="111" count="0" type="stmt"/>
      <line num="112" count="0" type="stmt"/>
      <line num="117" count="0" type="stmt"/>
      <line num="119" count="0" type="cond" truecount="0" falsecount="2"/>
      <line num="120" count="0" type="stmt"/>
      <line num="123" count="0" type="cond" truecount="0" falsecount="2"/>
      <line num="124" count="0" type="stmt"/>
      <line num="127" count="0" type="stmt"/>
      <line num="128" count="0" type="stmt"/>
      <line num="129" count="0" type="stmt"/>
      <line num="134" count="0" type="stmt"/>
      <line num="135" count="0" type="stmt"/>
      <line num="141" count="0" type="cond" truecount="0" falsecount="2"/>
      <line num="142" count="0" type="stmt"/>
      <line num="143" count="0" type="cond" truecount="0" falsecount="2"/>
      <line num="144" count="0" type="stmt"/>
      <line num="146" count="0" type="stmt"/>
      <line num="151" count="0" type="stmt"/>
      <line num="156" count="0" type="stmt"/>
      <line num="157" count="0" type="stmt"/>
      <line num="158" count="0" type="cond" truecount="0" falsecount="2"/>
      <line num="159" count="0" type="stmt"/>
      <line num="164" count="0" type="stmt"/>
      <line num="179" count="0" type="cond" truecount="0" falsecount="2"/>
      <line num="180" count="0" type="stmt"/>
      <line num="183" count="0" type="cond" truecount="0" falsecount="4"/>
      <line num="184" count="0" type="stmt"/>
      <line num="187" count="0" type="stmt"/>
      <line num="188" count="0" type="stmt"/>
      <line num="189" count="0" type="stmt"/>
      <line num="194" count="0" type="stmt"/>
      <line num="202" count="0" type="cond" truecount="0" falsecount="2"/>
      <line num="207" count="0" type="cond" truecount="0" falsecount="2"/>
      <line num="212" count="0" type="cond" truecount="0" falsecount="2"/>
      <line num="217" count="0" type="cond" truecount="0" falsecount="2"/>
      <line num="218" count="0" type="stmt"/>
      <line num="220" count="0" type="stmt"/>
      <line num="225" count="0" type="stmt"/>
      <line num="226" count="0" type="stmt"/>
      <line num="229" count="0" type="stmt"/>
      <line num="238" count="0" type="stmt"/>
      <line num="243" count="0" type="stmt"/>
      <line num="246" count="0" type="stmt"/>
      <line num="254" count="0" type="stmt"/>
      <line num="255" count="0" type="stmt"/>
      <line num="257" count="0" type="cond" truecount="0" falsecount="2"/>
      <line num="258" count="0" type="stmt"/>
      <line num="261" count="0" type="cond" truecount="0" falsecount="2"/>
      <line num="262" count="0" type="stmt"/>
      <line num="266" count="0" type="stmt"/>
      <line num="273" count="0" type="stmt"/>
      <line num="276" count="0" type="stmt"/>
      <line num="277" count="0" type="stmt"/>
      <line num="278" count="0" type="stmt"/>
      <line num="281" count="0" type="stmt"/>
      <line num="282" count="0" type="stmt"/>
      <line num="285" count="0" type="stmt"/>
      <line num="286" count="0" type="stmt"/>
      <line num="287" count="0" type="stmt"/>
      <line num="288" count="0" type="stmt"/>
      <line num="291" count="0" type="stmt"/>
      <line num="292" count="0" type="stmt"/>
      <line num="293" count="0" type="stmt"/>
      <line num="294" count="0" type="stmt"/>
      <line num="297" count="0" type="stmt"/>
      <line num="298" count="0" type="stmt"/>
      <line num="301" count="0" type="stmt"/>
      <line num="302" count="0" type="stmt"/>
      <line num="305" count="0" type="cond" truecount="0" falsecount="2"/>
      <line num="306" count="0" type="stmt"/>
      <line num="307" count="0" type="stmt"/>
      <line num="310" count="0" type="stmt"/>
      <line num="311" count="0" type="stmt"/>
    </file>
  </project>
</coverage>
