{"D:\\Work\\fe-ts\\src\\foundation\\foundation.ts": {"path":"D:\\Work\\fe-ts\\src\\foundation\\foundation.ts","statementMap":{"0":{"start":{"line":31,"column":24},"end":{"line":35,"column":2}},"1":{"start":{"line":38,"column":20},"end":{"line":44,"column":2}},"2":{"start":{"line":47,"column":17},"end":{"line":51,"column":2}},"3":{"start":{"line":55,"column":2},"end":{"line":63,"column":4}},"4":{"start":{"line":68,"column":2},"end":{"line":75,"column":4}},"5":{"start":{"line":80,"column":2},"end":{"line":85,"column":4}},"6":{"start":{"line":90,"column":23},"end":{"line":90,"column":77}},"7":{"start":{"line":90,"column":47},"end":{"line":90,"column":76}},"8":{"start":{"line":92,"column":2},"end":{"line":102,"column":3}},"9":{"start":{"line":93,"column":4},"end":{"line":93,"column":38}},"10":{"start":{"line":95,"column":4},"end":{"line":101,"column":7}},"11":{"start":{"line":104,"column":2},"end":{"line":104,"column":33}},"12":{"start":{"line":105,"column":2},"end":{"line":105,"column":14}},"13":{"start":{"line":110,"column":2},"end":{"line":110,"column":71}},"14":{"start":{"line":110,"column":41},"end":{"line":110,"column":69}},"15":{"start":{"line":111,"column":2},"end":{"line":111,"column":33}},"16":{"start":{"line":112,"column":2},"end":{"line":112,"column":14}},"17":{"start":{"line":117,"column":15},"end":{"line":117,"column":68}},"18":{"start":{"line":117,"column":39},"end":{"line":117,"column":67}},"19":{"start":{"line":119,"column":2},"end":{"line":121,"column":3}},"20":{"start":{"line":120,"column":4},"end":{"line":120,"column":49}},"21":{"start":{"line":123,"column":2},"end":{"line":125,"column":3}},"22":{"start":{"line":124,"column":4},"end":{"line":124,"column":43}},"23":{"start":{"line":127,"column":2},"end":{"line":127,"column":30}},"24":{"start":{"line":128,"column":2},"end":{"line":128,"column":33}},"25":{"start":{"line":129,"column":2},"end":{"line":129,"column":14}},"26":{"start":{"line":134,"column":2},"end":{"line":136,"column":8}},"27":{"start":{"line":135,"column":4},"end":{"line":135,"column":48}},"28":{"start":{"line":141,"column":2},"end":{"line":145,"column":3}},"29":{"start":{"line":142,"column":4},"end":{"line":142,"column":51}},"30":{"start":{"line":143,"column":9},"end":{"line":145,"column":3}},"31":{"start":{"line":144,"column":4},"end":{"line":144,"column":47}},"32":{"start":{"line":146,"column":2},"end":{"line":146,"column":16}},"33":{"start":{"line":151,"column":2},"end":{"line":151,"column":34}},"34":{"start":{"line":156,"column":19},"end":{"line":156,"column":42}},"35":{"start":{"line":157,"column":24},"end":{"line":157,"column":76}},"36":{"start":{"line":158,"column":14},"end":{"line":158,"column":55}},"37":{"start":{"line":159,"column":2},"end":{"line":159,"column":29}},"38":{"start":{"line":164,"column":2},"end":{"line":174,"column":4}},"39":{"start":{"line":179,"column":2},"end":{"line":181,"column":3}},"40":{"start":{"line":180,"column":4},"end":{"line":180,"column":86}},"41":{"start":{"line":183,"column":2},"end":{"line":185,"column":3}},"42":{"start":{"line":184,"column":4},"end":{"line":184,"column":70}},"43":{"start":{"line":187,"column":2},"end":{"line":187,"column":27}},"44":{"start":{"line":188,"column":2},"end":{"line":188,"column":31}},"45":{"start":{"line":189,"column":2},"end":{"line":189,"column":15}},"46":{"start":{"line":194,"column":27},"end":{"line":200,"column":4}},"47":{"start":{"line":202,"column":2},"end":{"line":202,"column":71}},"48":{"start":{"line":207,"column":2},"end":{"line":207,"column":74}},"49":{"start":{"line":212,"column":2},"end":{"line":212,"column":86}},"50":{"start":{"line":217,"column":2},"end":{"line":219,"column":3}},"51":{"start":{"line":218,"column":4},"end":{"line":218,"column":16}},"52":{"start":{"line":220,"column":2},"end":{"line":220,"column":35}},"53":{"start":{"line":225,"column":23},"end":{"line":226,"column":null}},"54":{"start":{"line":226,"column":4},"end":{"line":226,"column":45}},"55":{"start":{"line":229,"column":2},"end":{"line":233,"column":6}},"56":{"start":{"line":229,"column":35},"end":{"line":233,"column":4}},"57":{"start":{"line":238,"column":2},"end":{"line":238,"column":86}},"58":{"start":{"line":243,"column":2},"end":{"line":249,"column":4}},"59":{"start":{"line":246,"column":49},"end":{"line":246,"column":68}},"60":{"start":{"line":254,"column":2},"end":{"line":264,"column":3}},"61":{"start":{"line":255,"column":20},"end":{"line":255,"column":63}},"62":{"start":{"line":255,"column":39},"end":{"line":255,"column":62}},"63":{"start":{"line":257,"column":4},"end":{"line":259,"column":5}},"64":{"start":{"line":258,"column":6},"end":{"line":258,"column":61}},"65":{"start":{"line":261,"column":4},"end":{"line":263,"column":5}},"66":{"start":{"line":262,"column":6},"end":{"line":262,"column":65}},"67":{"start":{"line":266,"column":2},"end":{"line":266,"column":14}},"68":{"start":{"line":273,"column":0},"end":{"line":273,"column":57}},"69":{"start":{"line":276,"column":15},"end":{"line":276,"column":86}},"70":{"start":{"line":277,"column":14},"end":{"line":277,"column":129}},"71":{"start":{"line":278,"column":21},"end":{"line":278,"column":95}},"72":{"start":{"line":281,"column":17},"end":{"line":281,"column":82}},"73":{"start":{"line":282,"column":14},"end":{"line":282,"column":75}},"74":{"start":{"line":285,"column":13},"end":{"line":285,"column":36}},"75":{"start":{"line":286,"column":0},"end":{"line":286,"column":27}},"76":{"start":{"line":287,"column":0},"end":{"line":287,"column":26}},"77":{"start":{"line":288,"column":0},"end":{"line":288,"column":71}},"78":{"start":{"line":291,"column":17},"end":{"line":291,"column":40}},"79":{"start":{"line":292,"column":14},"end":{"line":292,"column":55}},"80":{"start":{"line":293,"column":0},"end":{"line":293,"column":51}},"81":{"start":{"line":294,"column":0},"end":{"line":294,"column":74}},"82":{"start":{"line":297,"column":14},"end":{"line":297,"column":71}},"83":{"start":{"line":298,"column":0},"end":{"line":298,"column":56}},"84":{"start":{"line":301,"column":0},"end":{"line":301,"column":56}},"85":{"start":{"line":302,"column":0},"end":{"line":302,"column":51}},"86":{"start":{"line":305,"column":0},"end":{"line":308,"column":1}},"87":{"start":{"line":305,"column":29},"end":{"line":305,"column":70}},"88":{"start":{"line":306,"column":20},"end":{"line":306,"column":49}},"89":{"start":{"line":307,"column":2},"end":{"line":307,"column":49}},"90":{"start":{"line":310,"column":0},"end":{"line":310,"column":43}},"91":{"start":{"line":311,"column":0},"end":{"line":311,"column":70}}},"fnMap":{"0":{"name":"createProduct","decl":{"start":{"line":54,"column":9},"end":{"line":54,"column":22}},"loc":{"start":{"line":54,"column":68},"end":{"line":64,"column":1}}},"1":{"name":"createUser","decl":{"start":{"line":67,"column":9},"end":{"line":67,"column":19}},"loc":{"start":{"line":67,"column":45},"end":{"line":76,"column":1}}},"2":{"name":"createCart","decl":{"start":{"line":79,"column":9},"end":{"line":79,"column":19}},"loc":{"start":{"line":79,"column":26},"end":{"line":86,"column":1}}},"3":{"name":"addToCart","decl":{"start":{"line":89,"column":9},"end":{"line":89,"column":18}},"loc":{"start":{"line":89,"column":42},"end":{"line":106,"column":1}}},"4":{"name":"(anonymous_4)","decl":{"start":{"line":90,"column":39},"end":{"line":90,"column":43}},"loc":{"start":{"line":90,"column":47},"end":{"line":90,"column":76}}},"5":{"name":"removeFromCart","decl":{"start":{"line":109,"column":9},"end":{"line":109,"column":23}},"loc":{"start":{"line":109,"column":39},"end":{"line":113,"column":1}}},"6":{"name":"(anonymous_6)","decl":{"start":{"line":110,"column":33},"end":{"line":110,"column":37}},"loc":{"start":{"line":110,"column":41},"end":{"line":110,"column":69}}},"7":{"name":"updateQuantity","decl":{"start":{"line":116,"column":9},"end":{"line":116,"column":23}},"loc":{"start":{"line":116,"column":52},"end":{"line":130,"column":1}}},"8":{"name":"(anonymous_8)","decl":{"start":{"line":117,"column":31},"end":{"line":117,"column":35}},"loc":{"start":{"line":117,"column":39},"end":{"line":117,"column":67}}},"9":{"name":"calculateSubtotal","decl":{"start":{"line":133,"column":9},"end":{"line":133,"column":26}},"loc":{"start":{"line":133,"column":31},"end":{"line":137,"column":1}}},"10":{"name":"(anonymous_10)","decl":{"start":{"line":134,"column":27},"end":{"line":134,"column":28}},"loc":{"start":{"line":134,"column":43},"end":{"line":136,"column":3}}},"11":{"name":"applyDiscount","decl":{"start":{"line":140,"column":9},"end":{"line":140,"column":22}},"loc":{"start":{"line":140,"column":58},"end":{"line":147,"column":1}}},"12":{"name":"calculateTax","decl":{"start":{"line":150,"column":9},"end":{"line":150,"column":21}},"loc":{"start":{"line":150,"column":37},"end":{"line":152,"column":1}}},"13":{"name":"calculateTotal","decl":{"start":{"line":155,"column":9},"end":{"line":155,"column":23}},"loc":{"start":{"line":155,"column":66},"end":{"line":160,"column":1}}},"14":{"name":"createOrder","decl":{"start":{"line":163,"column":9},"end":{"line":163,"column":20}},"loc":{"start":{"line":163,"column":48},"end":{"line":175,"column":1}}},"15":{"name":"updateOrderStatus","decl":{"start":{"line":178,"column":9},"end":{"line":178,"column":26}},"loc":{"start":{"line":178,"column":49},"end":{"line":190,"column":1}}},"16":{"name":"isValidStatusTransition","decl":{"start":{"line":193,"column":9},"end":{"line":193,"column":32}},"loc":{"start":{"line":193,"column":57},"end":{"line":203,"column":1}}},"17":{"name":"canCancelOrder","decl":{"start":{"line":206,"column":9},"end":{"line":206,"column":23}},"loc":{"start":{"line":206,"column":28},"end":{"line":208,"column":1}}},"18":{"name":"isDigitalProduct","decl":{"start":{"line":211,"column":9},"end":{"line":211,"column":25}},"loc":{"start":{"line":211,"column":33},"end":{"line":213,"column":1}}},"19":{"name":"isInStock","decl":{"start":{"line":216,"column":9},"end":{"line":216,"column":18}},"loc":{"start":{"line":216,"column":36},"end":{"line":221,"column":1}}},"20":{"name":"processDigitalDelivery","decl":{"start":{"line":224,"column":9},"end":{"line":224,"column":31}},"loc":{"start":{"line":224,"column":37},"end":{"line":234,"column":1}}},"21":{"name":"(anonymous_21)","decl":{"start":{"line":225,"column":42},"end":{"line":225,"column":46}},"loc":{"start":{"line":226,"column":4},"end":{"line":226,"column":45}}},"22":{"name":"(anonymous_22)","decl":{"start":{"line":229,"column":26},"end":{"line":229,"column":30}},"loc":{"start":{"line":229,"column":35},"end":{"line":233,"column":4}}},"23":{"name":"generateOrderId","decl":{"start":{"line":237,"column":9},"end":{"line":237,"column":24}},"loc":{"start":{"line":237,"column":24},"end":{"line":239,"column":1}}},"24":{"name":"getOrderSummary","decl":{"start":{"line":242,"column":9},"end":{"line":242,"column":24}},"loc":{"start":{"line":242,"column":30},"end":{"line":250,"column":1}}},"25":{"name":"(anonymous_25)","decl":{"start":{"line":246,"column":34},"end":{"line":246,"column":35}},"loc":{"start":{"line":246,"column":49},"end":{"line":246,"column":68}}},"26":{"name":"validateCart","decl":{"start":{"line":253,"column":9},"end":{"line":253,"column":21}},"loc":{"start":{"line":253,"column":36},"end":{"line":267,"column":1}}},"27":{"name":"(anonymous_27)","decl":{"start":{"line":255,"column":34},"end":{"line":255,"column":35}},"loc":{"start":{"line":255,"column":39},"end":{"line":255,"column":62}}},"28":{"name":"(anonymous_28)","decl":{"start":{"line":305,"column":21},"end":{"line":305,"column":25}},"loc":{"start":{"line":305,"column":29},"end":{"line":305,"column":70}}}},"branchMap":{"0":{"loc":{"start":{"line":60,"column":11},"end":{"line":60,"column":21}},"type":"binary-expr","locations":[{"start":{"line":60,"column":11},"end":{"line":60,"column":16}},{"start":{"line":60,"column":20},"end":{"line":60,"column":21}}]},"1":{"loc":{"start":{"line":61,"column":17},"end":{"line":61,"column":36}},"type":"binary-expr","locations":[{"start":{"line":61,"column":17},"end":{"line":61,"column":28}},{"start":{"line":61,"column":32},"end":{"line":61,"column":36}}]},"2":{"loc":{"start":{"line":72,"column":10},"end":{"line":72,"column":35}},"type":"binary-expr","locations":[{"start":{"line":72,"column":10},"end":{"line":72,"column":14}},{"start":{"line":72,"column":18},"end":{"line":72,"column":35}}]},"3":{"loc":{"start":{"line":92,"column":2},"end":{"line":102,"column":3}},"type":"if","locations":[{"start":{"line":92,"column":2},"end":{"line":102,"column":3}},{"start":{"line":94,"column":9},"end":{"line":102,"column":3}}]},"4":{"loc":{"start":{"line":119,"column":2},"end":{"line":121,"column":3}},"type":"if","locations":[{"start":{"line":119,"column":2},"end":{"line":121,"column":3}},{"start":{},"end":{}}]},"5":{"loc":{"start":{"line":123,"column":2},"end":{"line":125,"column":3}},"type":"if","locations":[{"start":{"line":123,"column":2},"end":{"line":125,"column":3}},{"start":{},"end":{}}]},"6":{"loc":{"start":{"line":141,"column":2},"end":{"line":145,"column":3}},"type":"if","locations":[{"start":{"line":141,"column":2},"end":{"line":145,"column":3}},{"start":{"line":143,"column":9},"end":{"line":145,"column":3}}]},"7":{"loc":{"start":{"line":143,"column":9},"end":{"line":145,"column":3}},"type":"if","locations":[{"start":{"line":143,"column":9},"end":{"line":145,"column":3}},{"start":{},"end":{}}]},"8":{"loc":{"start":{"line":158,"column":42},"end":{"line":158,"column":54}},"type":"binary-expr","locations":[{"start":{"line":158,"column":42},"end":{"line":158,"column":49}},{"start":{"line":158,"column":53},"end":{"line":158,"column":54}}]},"9":{"loc":{"start":{"line":171,"column":21},"end":{"line":171,"column":44}},"type":"binary-expr","locations":[{"start":{"line":171,"column":21},"end":{"line":171,"column":36}},{"start":{"line":171,"column":40},"end":{"line":171,"column":44}}]},"10":{"loc":{"start":{"line":179,"column":2},"end":{"line":181,"column":3}},"type":"if","locations":[{"start":{"line":179,"column":2},"end":{"line":181,"column":3}},{"start":{},"end":{}}]},"11":{"loc":{"start":{"line":183,"column":2},"end":{"line":185,"column":3}},"type":"if","locations":[{"start":{"line":183,"column":2},"end":{"line":185,"column":3}},{"start":{},"end":{}}]},"12":{"loc":{"start":{"line":183,"column":6},"end":{"line":183,"column":66}},"type":"binary-expr","locations":[{"start":{"line":183,"column":6},"end":{"line":183,"column":41}},{"start":{"line":183,"column":45},"end":{"line":183,"column":66}}]},"13":{"loc":{"start":{"line":202,"column":9},"end":{"line":202,"column":70}},"type":"binary-expr","locations":[{"start":{"line":202,"column":9},"end":{"line":202,"column":61}},{"start":{"line":202,"column":65},"end":{"line":202,"column":70}}]},"14":{"loc":{"start":{"line":207,"column":9},"end":{"line":207,"column":73}},"type":"binary-expr","locations":[{"start":{"line":207,"column":9},"end":{"line":207,"column":37}},{"start":{"line":207,"column":41},"end":{"line":207,"column":73}}]},"15":{"loc":{"start":{"line":212,"column":9},"end":{"line":212,"column":85}},"type":"binary-expr","locations":[{"start":{"line":212,"column":9},"end":{"line":212,"column":53}},{"start":{"line":212,"column":57},"end":{"line":212,"column":85}}]},"16":{"loc":{"start":{"line":217,"column":2},"end":{"line":219,"column":3}},"type":"if","locations":[{"start":{"line":217,"column":2},"end":{"line":219,"column":3}},{"start":{},"end":{}}]},"17":{"loc":{"start":{"line":257,"column":4},"end":{"line":259,"column":5}},"type":"if","locations":[{"start":{"line":257,"column":4},"end":{"line":259,"column":5}},{"start":{},"end":{}}]},"18":{"loc":{"start":{"line":261,"column":4},"end":{"line":263,"column":5}},"type":"if","locations":[{"start":{"line":261,"column":4},"end":{"line":263,"column":5}},{"start":{},"end":{}}]},"19":{"loc":{"start":{"line":305,"column":0},"end":{"line":308,"column":1}},"type":"if","locations":[{"start":{"line":305,"column":0},"end":{"line":308,"column":1}},{"start":{},"end":{}}]}},"s":{"0":0,"1":0,"2":0,"3":0,"4":0,"5":0,"6":0,"7":0,"8":0,"9":0,"10":0,"11":0,"12":0,"13":0,"14":0,"15":0,"16":0,"17":0,"18":0,"19":0,"20":0,"21":0,"22":0,"23":0,"24":0,"25":0,"26":0,"27":0,"28":0,"29":0,"30":0,"31":0,"32":0,"33":0,"34":0,"35":0,"36":0,"37":0,"38":0,"39":0,"40":0,"41":0,"42":0,"43":0,"44":0,"45":0,"46":0,"47":0,"48":0,"49":0,"50":0,"51":0,"52":0,"53":0,"54":0,"55":0,"56":0,"57":0,"58":0,"59":0,"60":0,"61":0,"62":0,"63":0,"64":0,"65":0,"66":0,"67":0,"68":0,"69":0,"70":0,"71":0,"72":0,"73":0,"74":0,"75":0,"76":0,"77":0,"78":0,"79":0,"80":0,"81":0,"82":0,"83":0,"84":0,"85":0,"86":0,"87":0,"88":0,"89":0,"90":0,"91":0},"f":{"0":0,"1":0,"2":0,"3":0,"4":0,"5":0,"6":0,"7":0,"8":0,"9":0,"10":0,"11":0,"12":0,"13":0,"14":0,"15":0,"16":0,"17":0,"18":0,"19":0,"20":0,"21":0,"22":0,"23":0,"24":0,"25":0,"26":0,"27":0,"28":0},"b":{"0":[0,0],"1":[0,0],"2":[0,0],"3":[0,0],"4":[0,0],"5":[0,0],"6":[0,0],"7":[0,0],"8":[0,0],"9":[0,0],"10":[0,0],"11":[0,0],"12":[0,0],"13":[0,0],"14":[0,0],"15":[0,0],"16":[0,0],"17":[0,0],"18":[0,0],"19":[0,0]}}
}
