{"D:\\Work\\fe-ts\\src\\foundation\\foundation.ts": {"path":"D:\\Work\\fe-ts\\src\\foundation\\foundation.ts","statementMap":{"0":{"start":{"line":16,"column":24},"end":{"line":20,"column":11}},"1":{"start":{"line":25,"column":20},"end":{"line":31,"column":11}},"2":{"start":{"line":36,"column":17},"end":{"line":40,"column":11}},"3":{"start":{"line":116,"column":2},"end":{"line":124,"column":4}},"4":{"start":{"line":129,"column":2},"end":{"line":136,"column":4}},"5":{"start":{"line":141,"column":2},"end":{"line":146,"column":4}},"6":{"start":{"line":151,"column":23},"end":{"line":151,"column":77}},"7":{"start":{"line":151,"column":47},"end":{"line":151,"column":76}},"8":{"start":{"line":153,"column":2},"end":{"line":163,"column":3}},"9":{"start":{"line":154,"column":4},"end":{"line":154,"column":38}},"10":{"start":{"line":156,"column":4},"end":{"line":162,"column":7}},"11":{"start":{"line":165,"column":2},"end":{"line":165,"column":33}},"12":{"start":{"line":166,"column":2},"end":{"line":166,"column":14}},"13":{"start":{"line":171,"column":2},"end":{"line":173,"column":8}},"14":{"start":{"line":172,"column":4},"end":{"line":172,"column":48}},"15":{"start":{"line":178,"column":2},"end":{"line":182,"column":3}},"16":{"start":{"line":179,"column":4},"end":{"line":179,"column":51}},"17":{"start":{"line":180,"column":9},"end":{"line":182,"column":3}},"18":{"start":{"line":181,"column":4},"end":{"line":181,"column":47}},"19":{"start":{"line":183,"column":2},"end":{"line":183,"column":16}},"20":{"start":{"line":188,"column":2},"end":{"line":188,"column":34}},"21":{"start":{"line":193,"column":19},"end":{"line":193,"column":42}},"22":{"start":{"line":194,"column":24},"end":{"line":194,"column":76}},"23":{"start":{"line":195,"column":14},"end":{"line":195,"column":55}},"24":{"start":{"line":196,"column":2},"end":{"line":196,"column":29}},"25":{"start":{"line":201,"column":2},"end":{"line":201,"column":86}},"26":{"start":{"line":206,"column":2},"end":{"line":216,"column":4}},"27":{"start":{"line":221,"column":73},"end":{"line":227,"column":4}},"28":{"start":{"line":229,"column":2},"end":{"line":229,"column":71}},"29":{"start":{"line":234,"column":2},"end":{"line":234,"column":74}},"30":{"start":{"line":239,"column":2},"end":{"line":241,"column":3}},"31":{"start":{"line":240,"column":4},"end":{"line":240,"column":86}},"32":{"start":{"line":243,"column":2},"end":{"line":245,"column":3}},"33":{"start":{"line":244,"column":4},"end":{"line":244,"column":70}},"34":{"start":{"line":247,"column":2},"end":{"line":247,"column":27}},"35":{"start":{"line":248,"column":2},"end":{"line":248,"column":31}},"36":{"start":{"line":249,"column":2},"end":{"line":249,"column":15}},"37":{"start":{"line":254,"column":2},"end":{"line":256,"column":3}},"38":{"start":{"line":255,"column":4},"end":{"line":255,"column":16}},"39":{"start":{"line":257,"column":2},"end":{"line":257,"column":35}},"40":{"start":{"line":262,"column":23},"end":{"line":263,"column":null}},"41":{"start":{"line":263,"column":4},"end":{"line":263,"column":45}},"42":{"start":{"line":266,"column":2},"end":{"line":270,"column":6}},"43":{"start":{"line":266,"column":35},"end":{"line":270,"column":4}},"44":{"start":{"line":275,"column":2},"end":{"line":281,"column":4}},"45":{"start":{"line":278,"column":67},"end":{"line":278,"column":86}},"46":{"start":{"line":286,"column":2},"end":{"line":296,"column":3}},"47":{"start":{"line":287,"column":20},"end":{"line":287,"column":63}},"48":{"start":{"line":287,"column":39},"end":{"line":287,"column":62}},"49":{"start":{"line":289,"column":4},"end":{"line":291,"column":5}},"50":{"start":{"line":290,"column":6},"end":{"line":290,"column":61}},"51":{"start":{"line":293,"column":4},"end":{"line":295,"column":5}},"52":{"start":{"line":294,"column":6},"end":{"line":294,"column":65}},"53":{"start":{"line":298,"column":2},"end":{"line":298,"column":14}},"54":{"start":{"line":305,"column":0},"end":{"line":305,"column":57}},"55":{"start":{"line":308,"column":15},"end":{"line":308,"column":86}},"56":{"start":{"line":309,"column":14},"end":{"line":309,"column":129}},"57":{"start":{"line":310,"column":21},"end":{"line":310,"column":95}},"58":{"start":{"line":313,"column":17},"end":{"line":313,"column":82}},"59":{"start":{"line":314,"column":14},"end":{"line":314,"column":75}},"60":{"start":{"line":317,"column":13},"end":{"line":317,"column":36}},"61":{"start":{"line":318,"column":0},"end":{"line":318,"column":27}},"62":{"start":{"line":319,"column":0},"end":{"line":319,"column":26}},"63":{"start":{"line":320,"column":0},"end":{"line":320,"column":33}},"64":{"start":{"line":321,"column":0},"end":{"line":321,"column":71}},"65":{"start":{"line":324,"column":17},"end":{"line":324,"column":40}},"66":{"start":{"line":325,"column":14},"end":{"line":325,"column":55}},"67":{"start":{"line":326,"column":0},"end":{"line":326,"column":51}},"68":{"start":{"line":327,"column":0},"end":{"line":327,"column":74}},"69":{"start":{"line":330,"column":0},"end":{"line":330,"column":50}},"70":{"start":{"line":333,"column":14},"end":{"line":333,"column":71}},"71":{"start":{"line":334,"column":0},"end":{"line":334,"column":56}},"72":{"start":{"line":337,"column":0},"end":{"line":337,"column":56}},"73":{"start":{"line":338,"column":0},"end":{"line":338,"column":51}},"74":{"start":{"line":341,"column":0},"end":{"line":344,"column":1}},"75":{"start":{"line":341,"column":29},"end":{"line":341,"column":70}},"76":{"start":{"line":342,"column":20},"end":{"line":342,"column":49}},"77":{"start":{"line":343,"column":2},"end":{"line":343,"column":49}},"78":{"start":{"line":346,"column":0},"end":{"line":346,"column":43}},"79":{"start":{"line":347,"column":0},"end":{"line":347,"column":70}}},"fnMap":{"0":{"name":"createProduct","decl":{"start":{"line":115,"column":9},"end":{"line":115,"column":22}},"loc":{"start":{"line":115,"column":146},"end":{"line":125,"column":1}}},"1":{"name":"createUser","decl":{"start":{"line":128,"column":9},"end":{"line":128,"column":19}},"loc":{"start":{"line":128,"column":85},"end":{"line":137,"column":1}}},"2":{"name":"createCart","decl":{"start":{"line":140,"column":9},"end":{"line":140,"column":19}},"loc":{"start":{"line":140,"column":34},"end":{"line":147,"column":1}}},"3":{"name":"addToCart","decl":{"start":{"line":150,"column":9},"end":{"line":150,"column":18}},"loc":{"start":{"line":150,"column":65},"end":{"line":167,"column":1}}},"4":{"name":"(anonymous_4)","decl":{"start":{"line":151,"column":39},"end":{"line":151,"column":43}},"loc":{"start":{"line":151,"column":47},"end":{"line":151,"column":76}}},"5":{"name":"calculateSubtotal","decl":{"start":{"line":170,"column":9},"end":{"line":170,"column":26}},"loc":{"start":{"line":170,"column":37},"end":{"line":174,"column":1}}},"6":{"name":"(anonymous_6)","decl":{"start":{"line":171,"column":27},"end":{"line":171,"column":28}},"loc":{"start":{"line":171,"column":61},"end":{"line":173,"column":3}}},"7":{"name":"applyDiscount","decl":{"start":{"line":177,"column":9},"end":{"line":177,"column":22}},"loc":{"start":{"line":177,"column":88},"end":{"line":184,"column":1}}},"8":{"name":"calculateTax","decl":{"start":{"line":187,"column":9},"end":{"line":187,"column":21}},"loc":{"start":{"line":187,"column":53},"end":{"line":189,"column":1}}},"9":{"name":"calculateTotal","decl":{"start":{"line":192,"column":9},"end":{"line":192,"column":23}},"loc":{"start":{"line":192,"column":103},"end":{"line":197,"column":1}}},"10":{"name":"generateOrderId","decl":{"start":{"line":200,"column":9},"end":{"line":200,"column":24}},"loc":{"start":{"line":200,"column":24},"end":{"line":202,"column":1}}},"11":{"name":"createOrder","decl":{"start":{"line":205,"column":9},"end":{"line":205,"column":20}},"loc":{"start":{"line":205,"column":76},"end":{"line":217,"column":1}}},"12":{"name":"isValidStatusTransition","decl":{"start":{"line":220,"column":9},"end":{"line":220,"column":32}},"loc":{"start":{"line":220,"column":93},"end":{"line":230,"column":1}}},"13":{"name":"canCancelOrder","decl":{"start":{"line":233,"column":9},"end":{"line":233,"column":23}},"loc":{"start":{"line":233,"column":34},"end":{"line":235,"column":1}}},"14":{"name":"updateOrderStatus","decl":{"start":{"line":238,"column":9},"end":{"line":238,"column":26}},"loc":{"start":{"line":238,"column":80},"end":{"line":250,"column":1}}},"15":{"name":"isInStock","decl":{"start":{"line":253,"column":9},"end":{"line":253,"column":18}},"loc":{"start":{"line":253,"column":53},"end":{"line":258,"column":1}}},"16":{"name":"processDigitalDelivery","decl":{"start":{"line":261,"column":9},"end":{"line":261,"column":31}},"loc":{"start":{"line":261,"column":44},"end":{"line":271,"column":1}}},"17":{"name":"(anonymous_17)","decl":{"start":{"line":262,"column":42},"end":{"line":262,"column":46}},"loc":{"start":{"line":263,"column":4},"end":{"line":263,"column":45}}},"18":{"name":"(anonymous_18)","decl":{"start":{"line":266,"column":26},"end":{"line":266,"column":30}},"loc":{"start":{"line":266,"column":35},"end":{"line":270,"column":4}}},"19":{"name":"getOrderSummary","decl":{"start":{"line":274,"column":9},"end":{"line":274,"column":24}},"loc":{"start":{"line":274,"column":37},"end":{"line":282,"column":1}}},"20":{"name":"(anonymous_20)","decl":{"start":{"line":278,"column":34},"end":{"line":278,"column":35}},"loc":{"start":{"line":278,"column":67},"end":{"line":278,"column":86}}},"21":{"name":"validateCart","decl":{"start":{"line":285,"column":9},"end":{"line":285,"column":21}},"loc":{"start":{"line":285,"column":53},"end":{"line":299,"column":1}}},"22":{"name":"(anonymous_22)","decl":{"start":{"line":287,"column":34},"end":{"line":287,"column":35}},"loc":{"start":{"line":287,"column":39},"end":{"line":287,"column":62}}},"23":{"name":"(anonymous_23)","decl":{"start":{"line":341,"column":21},"end":{"line":341,"column":25}},"loc":{"start":{"line":341,"column":29},"end":{"line":341,"column":70}}}},"branchMap":{"0":{"loc":{"start":{"line":121,"column":11},"end":{"line":121,"column":21}},"type":"binary-expr","locations":[{"start":{"line":121,"column":11},"end":{"line":121,"column":16}},{"start":{"line":121,"column":20},"end":{"line":121,"column":21}}]},"1":{"loc":{"start":{"line":122,"column":17},"end":{"line":122,"column":36}},"type":"binary-expr","locations":[{"start":{"line":122,"column":17},"end":{"line":122,"column":28}},{"start":{"line":122,"column":32},"end":{"line":122,"column":36}}]},"2":{"loc":{"start":{"line":133,"column":10},"end":{"line":133,"column":35}},"type":"binary-expr","locations":[{"start":{"line":133,"column":10},"end":{"line":133,"column":14}},{"start":{"line":133,"column":18},"end":{"line":133,"column":35}}]},"3":{"loc":{"start":{"line":153,"column":2},"end":{"line":163,"column":3}},"type":"if","locations":[{"start":{"line":153,"column":2},"end":{"line":163,"column":3}},{"start":{"line":155,"column":9},"end":{"line":163,"column":3}}]},"4":{"loc":{"start":{"line":178,"column":2},"end":{"line":182,"column":3}},"type":"if","locations":[{"start":{"line":178,"column":2},"end":{"line":182,"column":3}},{"start":{"line":180,"column":9},"end":{"line":182,"column":3}}]},"5":{"loc":{"start":{"line":180,"column":9},"end":{"line":182,"column":3}},"type":"if","locations":[{"start":{"line":180,"column":9},"end":{"line":182,"column":3}},{"start":{},"end":{}}]},"6":{"loc":{"start":{"line":195,"column":42},"end":{"line":195,"column":54}},"type":"binary-expr","locations":[{"start":{"line":195,"column":42},"end":{"line":195,"column":49}},{"start":{"line":195,"column":53},"end":{"line":195,"column":54}}]},"7":{"loc":{"start":{"line":213,"column":21},"end":{"line":213,"column":44}},"type":"binary-expr","locations":[{"start":{"line":213,"column":21},"end":{"line":213,"column":36}},{"start":{"line":213,"column":40},"end":{"line":213,"column":44}}]},"8":{"loc":{"start":{"line":229,"column":9},"end":{"line":229,"column":70}},"type":"binary-expr","locations":[{"start":{"line":229,"column":9},"end":{"line":229,"column":61}},{"start":{"line":229,"column":65},"end":{"line":229,"column":70}}]},"9":{"loc":{"start":{"line":234,"column":9},"end":{"line":234,"column":73}},"type":"binary-expr","locations":[{"start":{"line":234,"column":9},"end":{"line":234,"column":37}},{"start":{"line":234,"column":41},"end":{"line":234,"column":73}}]},"10":{"loc":{"start":{"line":239,"column":2},"end":{"line":241,"column":3}},"type":"if","locations":[{"start":{"line":239,"column":2},"end":{"line":241,"column":3}},{"start":{},"end":{}}]},"11":{"loc":{"start":{"line":243,"column":2},"end":{"line":245,"column":3}},"type":"if","locations":[{"start":{"line":243,"column":2},"end":{"line":245,"column":3}},{"start":{},"end":{}}]},"12":{"loc":{"start":{"line":243,"column":6},"end":{"line":243,"column":66}},"type":"binary-expr","locations":[{"start":{"line":243,"column":6},"end":{"line":243,"column":41}},{"start":{"line":243,"column":45},"end":{"line":243,"column":66}}]},"13":{"loc":{"start":{"line":254,"column":2},"end":{"line":256,"column":3}},"type":"if","locations":[{"start":{"line":254,"column":2},"end":{"line":256,"column":3}},{"start":{},"end":{}}]},"14":{"loc":{"start":{"line":254,"column":6},"end":{"line":254,"column":103}},"type":"binary-expr","locations":[{"start":{"line":254,"column":6},"end":{"line":254,"column":50}},{"start":{"line":254,"column":54},"end":{"line":254,"column":103}}]},"15":{"loc":{"start":{"line":289,"column":4},"end":{"line":291,"column":5}},"type":"if","locations":[{"start":{"line":289,"column":4},"end":{"line":291,"column":5}},{"start":{},"end":{}}]},"16":{"loc":{"start":{"line":293,"column":4},"end":{"line":295,"column":5}},"type":"if","locations":[{"start":{"line":293,"column":4},"end":{"line":295,"column":5}},{"start":{},"end":{}}]},"17":{"loc":{"start":{"line":341,"column":0},"end":{"line":344,"column":1}},"type":"if","locations":[{"start":{"line":341,"column":0},"end":{"line":344,"column":1}},{"start":{},"end":{}}]}},"s":{"0":0,"1":0,"2":0,"3":0,"4":0,"5":0,"6":0,"7":0,"8":0,"9":0,"10":0,"11":0,"12":0,"13":0,"14":0,"15":0,"16":0,"17":0,"18":0,"19":0,"20":0,"21":0,"22":0,"23":0,"24":0,"25":0,"26":0,"27":0,"28":0,"29":0,"30":0,"31":0,"32":0,"33":0,"34":0,"35":0,"36":0,"37":0,"38":0,"39":0,"40":0,"41":0,"42":0,"43":0,"44":0,"45":0,"46":0,"47":0,"48":0,"49":0,"50":0,"51":0,"52":0,"53":0,"54":0,"55":0,"56":0,"57":0,"58":0,"59":0,"60":0,"61":0,"62":0,"63":0,"64":0,"65":0,"66":0,"67":0,"68":0,"69":0,"70":0,"71":0,"72":0,"73":0,"74":0,"75":0,"76":0,"77":0,"78":0,"79":0},"f":{"0":0,"1":0,"2":0,"3":0,"4":0,"5":0,"6":0,"7":0,"8":0,"9":0,"10":0,"11":0,"12":0,"13":0,"14":0,"15":0,"16":0,"17":0,"18":0,"19":0,"20":0,"21":0,"22":0,"23":0},"b":{"0":[0,0],"1":[0,0],"2":[0,0],"3":[0,0],"4":[0,0],"5":[0,0],"6":[0,0],"7":[0,0],"8":[0,0],"9":[0,0],"10":[0,0],"11":[0,0],"12":[0,0],"13":[0,0],"14":[0,0],"15":[0,0],"16":[0,0],"17":[0,0]}}
}
