TN:
SF:src\foundation\foundation.ts
FN:54,createProduct
FN:67,createUser
FN:79,createCart
FN:89,addToCart
FN:90,(anonymous_4)
FN:109,removeFromCart
FN:110,(anonymous_6)
FN:116,updateQuantity
FN:117,(anonymous_8)
FN:133,calculateSubtotal
FN:134,(anonymous_10)
FN:140,applyDiscount
FN:150,calculateTax
FN:155,calculateTotal
FN:163,createOrder
FN:178,updateOrderStatus
FN:193,isValidStatusTransition
FN:206,canCancelOrder
FN:211,isDigitalProduct
FN:216,isInStock
FN:224,processDigitalDelivery
FN:225,(anonymous_21)
FN:229,(anonymous_22)
FN:237,generateOrderId
FN:242,getOrderSummary
FN:246,(anonymous_25)
FN:253,validateCart
FN:255,(anonymous_27)
FN:305,(anonymous_28)
FNF:29
FNH:0
FNDA:0,createProduct
FNDA:0,createUser
FNDA:0,createCart
FNDA:0,addToCart
FNDA:0,(anonymous_4)
FNDA:0,removeFromCart
FNDA:0,(anonymous_6)
FNDA:0,updateQuantity
FNDA:0,(anonymous_8)
FNDA:0,calculateSubtotal
FNDA:0,(anonymous_10)
FNDA:0,applyDiscount
FNDA:0,calculateTax
FNDA:0,calculateTotal
FNDA:0,createOrder
FNDA:0,updateOrderStatus
FNDA:0,isValidStatusTransition
FNDA:0,canCancelOrder
FNDA:0,isDigitalProduct
FNDA:0,isInStock
FNDA:0,processDigitalDelivery
FNDA:0,(anonymous_21)
FNDA:0,(anonymous_22)
FNDA:0,generateOrderId
FNDA:0,getOrderSummary
FNDA:0,(anonymous_25)
FNDA:0,validateCart
FNDA:0,(anonymous_27)
FNDA:0,(anonymous_28)
DA:31,0
DA:38,0
DA:47,0
DA:55,0
DA:68,0
DA:80,0
DA:90,0
DA:92,0
DA:93,0
DA:95,0
DA:104,0
DA:105,0
DA:110,0
DA:111,0
DA:112,0
DA:117,0
DA:119,0
DA:120,0
DA:123,0
DA:124,0
DA:127,0
DA:128,0
DA:129,0
DA:134,0
DA:135,0
DA:141,0
DA:142,0
DA:143,0
DA:144,0
DA:146,0
DA:151,0
DA:156,0
DA:157,0
DA:158,0
DA:159,0
DA:164,0
DA:179,0
DA:180,0
DA:183,0
DA:184,0
DA:187,0
DA:188,0
DA:189,0
DA:194,0
DA:202,0
DA:207,0
DA:212,0
DA:217,0
DA:218,0
DA:220,0
DA:225,0
DA:226,0
DA:229,0
DA:238,0
DA:243,0
DA:246,0
DA:254,0
DA:255,0
DA:257,0
DA:258,0
DA:261,0
DA:262,0
DA:266,0
DA:273,0
DA:276,0
DA:277,0
DA:278,0
DA:281,0
DA:282,0
DA:285,0
DA:286,0
DA:287,0
DA:288,0
DA:291,0
DA:292,0
DA:293,0
DA:294,0
DA:297,0
DA:298,0
DA:301,0
DA:302,0
DA:305,0
DA:306,0
DA:307,0
DA:310,0
DA:311,0
LF:86
LH:0
BRDA:60,0,0,0
BRDA:60,0,1,0
BRDA:61,1,0,0
BRDA:61,1,1,0
BRDA:72,2,0,0
BRDA:72,2,1,0
BRDA:92,3,0,0
BRDA:92,3,1,0
BRDA:119,4,0,0
BRDA:119,4,1,0
BRDA:123,5,0,0
BRDA:123,5,1,0
BRDA:141,6,0,0
BRDA:141,6,1,0
BRDA:143,7,0,0
BRDA:143,7,1,0
BRDA:158,8,0,0
BRDA:158,8,1,0
BRDA:171,9,0,0
BRDA:171,9,1,0
BRDA:179,10,0,0
BRDA:179,10,1,0
BRDA:183,11,0,0
BRDA:183,11,1,0
BRDA:183,12,0,0
BRDA:183,12,1,0
BRDA:202,13,0,0
BRDA:202,13,1,0
BRDA:207,14,0,0
BRDA:207,14,1,0
BRDA:212,15,0,0
BRDA:212,15,1,0
BRDA:217,16,0,0
BRDA:217,16,1,0
BRDA:257,17,0,0
BRDA:257,17,1,0
BRDA:261,18,0,0
BRDA:261,18,1,0
BRDA:305,19,0,0
BRDA:305,19,1,0
BRF:40
BRH:0
end_of_record
