TN:
SF:src\foundation\foundation.ts
FN:115,createProduct
FN:128,createUser
FN:140,createCart
FN:150,addToCart
FN:151,(anonymous_4)
FN:170,calculateSubtotal
FN:171,(anonymous_6)
FN:177,applyDiscount
FN:187,calculateTax
FN:192,calculateTotal
FN:200,generateOrderId
FN:205,createOrder
FN:220,isValidStatusTransition
FN:233,canCancelOrder
FN:238,updateOrderStatus
FN:253,isInStock
FN:261,processDigitalDelivery
FN:262,(anonymous_17)
FN:266,(anonymous_18)
FN:274,getOrderSummary
FN:278,(anonymous_20)
FN:285,validateCart
FN:287,(anonymous_22)
FN:341,(anonymous_23)
FNF:24
FNH:0
FNDA:0,createProduct
FNDA:0,createUser
FNDA:0,createCart
FNDA:0,addToCart
FNDA:0,(anonymous_4)
FNDA:0,calculateSubtotal
FNDA:0,(anonymous_6)
FNDA:0,applyDiscount
FNDA:0,calculateTax
FNDA:0,calculateTotal
FNDA:0,generateOrderId
FNDA:0,createOrder
FNDA:0,isValidStatusTransition
FNDA:0,canCancelOrder
FNDA:0,updateOrderStatus
FNDA:0,isInStock
FNDA:0,processDigitalDelivery
FNDA:0,(anonymous_17)
FNDA:0,(anonymous_18)
FNDA:0,getOrderSummary
FNDA:0,(anonymous_20)
FNDA:0,validateCart
FNDA:0,(anonymous_22)
FNDA:0,(anonymous_23)
DA:16,0
DA:25,0
DA:36,0
DA:116,0
DA:129,0
DA:141,0
DA:151,0
DA:153,0
DA:154,0
DA:156,0
DA:165,0
DA:166,0
DA:171,0
DA:172,0
DA:178,0
DA:179,0
DA:180,0
DA:181,0
DA:183,0
DA:188,0
DA:193,0
DA:194,0
DA:195,0
DA:196,0
DA:201,0
DA:206,0
DA:221,0
DA:229,0
DA:234,0
DA:239,0
DA:240,0
DA:243,0
DA:244,0
DA:247,0
DA:248,0
DA:249,0
DA:254,0
DA:255,0
DA:257,0
DA:262,0
DA:263,0
DA:266,0
DA:275,0
DA:278,0
DA:286,0
DA:287,0
DA:289,0
DA:290,0
DA:293,0
DA:294,0
DA:298,0
DA:305,0
DA:308,0
DA:309,0
DA:310,0
DA:313,0
DA:314,0
DA:317,0
DA:318,0
DA:319,0
DA:320,0
DA:321,0
DA:324,0
DA:325,0
DA:326,0
DA:327,0
DA:330,0
DA:333,0
DA:334,0
DA:337,0
DA:338,0
DA:341,0
DA:342,0
DA:343,0
DA:346,0
DA:347,0
LF:76
LH:0
BRDA:121,0,0,0
BRDA:121,0,1,0
BRDA:122,1,0,0
BRDA:122,1,1,0
BRDA:133,2,0,0
BRDA:133,2,1,0
BRDA:153,3,0,0
BRDA:153,3,1,0
BRDA:178,4,0,0
BRDA:178,4,1,0
BRDA:180,5,0,0
BRDA:180,5,1,0
BRDA:195,6,0,0
BRDA:195,6,1,0
BRDA:213,7,0,0
BRDA:213,7,1,0
BRDA:229,8,0,0
BRDA:229,8,1,0
BRDA:234,9,0,0
BRDA:234,9,1,0
BRDA:239,10,0,0
BRDA:239,10,1,0
BRDA:243,11,0,0
BRDA:243,11,1,0
BRDA:243,12,0,0
BRDA:243,12,1,0
BRDA:254,13,0,0
BRDA:254,13,1,0
BRDA:254,14,0,0
BRDA:254,14,1,0
BRDA:289,15,0,0
BRDA:289,15,1,0
BRDA:293,16,0,0
BRDA:293,16,1,0
BRDA:341,17,0,0
BRDA:341,17,1,0
BRF:36
BRH:0
end_of_record
